UnityProject/Library/Bee/Android/Prj/Mono2x/Gradle/unityLibrary/build/intermediates/manifest_merge_blame_file/release/manifest-merger-blame-release-report.txt
1<?xml version="1.0" encoding="utf-8"?>
2<manifest xmlns:android="http://schemas.android.com/apk/res/android"
3    xmlns:tools="http://schemas.android.com/tools"
4    package="com.unity3d.player"
5    android:installLocation="preferExternal"
6    android:versionCode="1"
7    android:versionName="0.1" >
8
9    <uses-sdk
10        android:minSdkVersion="22"
10-->src\main\AndroidManifest.xml
11        android:targetSdkVersion="30" />
11-->src\main\AndroidManifest.xml
12
13    <supports-screens
13-->src\main\AndroidManifest.xml:3:3-163
14        android:anyDensity="true"
14-->src\main\AndroidManifest.xml:3:135-160
15        android:largeScreens="true"
15-->src\main\AndroidManifest.xml:3:78-105
16        android:normalScreens="true"
16-->src\main\AndroidManifest.xml:3:49-77
17        android:smallScreens="true"
17-->src\main\AndroidManifest.xml:3:21-48
18        android:xlargeScreens="true" />
18-->src\main\AndroidManifest.xml:3:106-134
19
20    <uses-feature android:glEsVersion="0x00020000" />
20-->src\main\AndroidManifest.xml:21:3-52
20-->src\main\AndroidManifest.xml:21:17-49
21
22    <uses-permission android:name="android.permission.INTERNET" />
22-->src\main\AndroidManifest.xml:22:3-65
22-->src\main\AndroidManifest.xml:22:20-62
23    <uses-permission android:name="android.permission.RECORD_AUDIO" />
23-->src\main\AndroidManifest.xml:23:3-69
23-->src\main\AndroidManifest.xml:23:20-66
24
25    <uses-feature
25-->src\main\AndroidManifest.xml:24:3-88
26        android:name="android.hardware.touchscreen"
26-->src\main\AndroidManifest.xml:24:17-60
27        android:required="false" />
27-->src\main\AndroidManifest.xml:24:61-85
28    <uses-feature
28-->src\main\AndroidManifest.xml:25:3-99
29        android:name="android.hardware.touchscreen.multitouch"
29-->src\main\AndroidManifest.xml:25:17-71
30        android:required="false" />
30-->src\main\AndroidManifest.xml:25:72-96
31    <uses-feature
31-->src\main\AndroidManifest.xml:26:3-108
32        android:name="android.hardware.touchscreen.multitouch.distinct"
32-->src\main\AndroidManifest.xml:26:17-80
33        android:required="false" />
33-->src\main\AndroidManifest.xml:26:81-105
34    <uses-feature
34-->src\main\AndroidManifest.xml:27:3-91
35        android:name="android.hardware.vulkan.version"
35-->src\main\AndroidManifest.xml:27:17-63
36        android:required="false" />
36-->src\main\AndroidManifest.xml:27:64-88
37
38    <uses-permission android:name="android.permission.ACCESS_NETWORK_STATE" />
38-->src\main\AndroidManifest.xml:28:3-77
38-->src\main\AndroidManifest.xml:28:20-74
39
40    <application
40-->src\main\AndroidManifest.xml:4:3-20:17
41        android:extractNativeLibs="true"
41-->src\main\AndroidManifest.xml:4:145-177
42        android:icon="@mipmap/app_icon"
42-->src\main\AndroidManifest.xml:4:58-89
43        android:isGame="true"
43-->src\main\AndroidManifest.xml:4:123-144
44        android:label="@string/app_name"
44-->src\main\AndroidManifest.xml:4:90-122
45        android:theme="@style/UnityThemeSelector" >
45-->src\main\AndroidManifest.xml:4:16-57
46        <activity
46-->src\main\AndroidManifest.xml:5:5-13:16
47            android:name="com.unity3d.player.UnityPlayerActivity"
47-->src\main\AndroidManifest.xml:5:15-68
48            android:configChanges="mcc|mnc|locale|touchscreen|keyboard|keyboardHidden|navigation|orientation|screenLayout|uiMode|screenSize|smallestScreenSize|fontScale|layoutDirection|density"
48-->src\main\AndroidManifest.xml:5:171-352
49            android:hardwareAccelerated="false"
49-->src\main\AndroidManifest.xml:5:388-423
50            android:label="@string/app_name"
50-->src\main\AndroidManifest.xml:5:69-101
51            android:launchMode="singleTask"
51-->src\main\AndroidManifest.xml:5:139-170
52            android:resizeableActivity="false"
52-->src\main\AndroidManifest.xml:5:353-387
53            android:screenOrientation="fullUser" >
53-->src\main\AndroidManifest.xml:5:102-138
54            <intent-filter>
54-->src\main\AndroidManifest.xml:6:7-10:23
55                <action android:name="android.intent.action.MAIN" />
55-->src\main\AndroidManifest.xml:7:9-61
55-->src\main\AndroidManifest.xml:7:17-58
56
57                <category android:name="android.intent.category.LAUNCHER" />
57-->src\main\AndroidManifest.xml:8:9-69
57-->src\main\AndroidManifest.xml:8:19-66
58                <category android:name="android.intent.category.LEANBACK_LAUNCHER" />
58-->src\main\AndroidManifest.xml:9:9-78
58-->src\main\AndroidManifest.xml:9:19-75
59            </intent-filter>
60
61            <meta-data
61-->src\main\AndroidManifest.xml:11:7-82
62                android:name="unityplayer.UnityActivity"
62-->src\main\AndroidManifest.xml:11:18-58
63                android:value="true" />
63-->src\main\AndroidManifest.xml:11:59-79
64            <meta-data
64-->src\main\AndroidManifest.xml:12:7-78
65                android:name="android.notch_support"
65-->src\main\AndroidManifest.xml:12:18-54
66                android:value="true" />
66-->src\main\AndroidManifest.xml:12:55-75
67        </activity>
68
69        <meta-data
69-->src\main\AndroidManifest.xml:14:5-101
70            android:name="unity.build-id"
70-->src\main\AndroidManifest.xml:14:16-45
71            android:value="2fb9bb0a-8ad6-414c-96cb-061a8963ccf3" />
71-->src\main\AndroidManifest.xml:14:46-98
72        <meta-data
72-->src\main\AndroidManifest.xml:15:5-69
73            android:name="unity.splash-mode"
73-->src\main\AndroidManifest.xml:15:16-48
74            android:value="0" />
74-->src\main\AndroidManifest.xml:15:49-66
75        <meta-data
75-->src\main\AndroidManifest.xml:16:5-74
76            android:name="unity.splash-enable"
76-->src\main\AndroidManifest.xml:16:16-50
77            android:value="True" />
77-->src\main\AndroidManifest.xml:16:51-71
78        <meta-data
78-->src\main\AndroidManifest.xml:17:5-78
79            android:name="unity.launch-fullscreen"
79-->src\main\AndroidManifest.xml:17:16-54
80            android:value="True" />
80-->src\main\AndroidManifest.xml:17:55-75
81        <meta-data
81-->src\main\AndroidManifest.xml:18:5-84
82            android:name="unity.allow-resizable-window"
82-->src\main\AndroidManifest.xml:18:16-59
83            android:value="False" />
83-->src\main\AndroidManifest.xml:18:60-81
84        <meta-data
84-->src\main\AndroidManifest.xml:19:5-81
85            android:name="notch.config"
85-->src\main\AndroidManifest.xml:19:16-43
86            android:value="portrait|landscape" />
86-->src\main\AndroidManifest.xml:19:44-78
87    </application>
88
89</manifest>